<?xml version="1.0" encoding="UTF-8"?>
<testsuite xmlns:xsi="http://www.w3.org/2001/XMLSchema-instance" xsi:noNamespaceSchemaLocation="https://maven.apache.org/surefire/maven-surefire-plugin/xsd/surefire-test-report-3.0.xsd" version="3.0" name="com.example.demo.docgen.mapper.CustomMappingStrategyTest" time="0.449" tests="26" errors="0" skipped="0" failures="0">
  <properties>
[...]
</properties>
  <testcase name="testFormatPhoneWithDirectExtraction" classname="com.example.demo.docgen.mapper.CustomMappingStrategyTest" time="0.112"/>
  <testcase name="testTruncate" classname="com.example.demo.docgen.mapper.CustomMappingStrategyTest" time="0.006"/>
  <testcase name="testIdentityFunction" classname="com.example.demo.docgen.mapper.CustomMappingStrategyTest" time="0.001"/>
  <testcase name="testCalculateDaysBetweenWithJsonPath" classname="com.example.demo.docgen.mapper.CustomMappingStrategyTest" time="0.022"/>
  <testcase name="testMixedStrategiesInOneGroup" classname="com.example.demo.docgen.mapper.CustomMappingStrategyTest" time="0.212"/>
  <testcase name="testHash" classname="com.example.demo.docgen.mapper.CustomMappingStrategyTest" time="0.003"/>
  <testcase name="testCalculateAgeWithJsonPath" classname="com.example.demo.docgen.mapper.CustomMappingStrategyTest" time="0.004"/>
  <testcase name="testFormatCurrency" classname="com.example.demo.docgen.mapper.CustomMappingStrategyTest" time="0.002"/>
  <testcase name="testCapitalizeWithJsonataConcatenation" classname="com.example.demo.docgen.mapper.CustomMappingStrategyTest" time="0.006"/>
  <testcase name="testJsonataExtractionNoTransformation" classname="com.example.demo.docgen.mapper.CustomMappingStrategyTest" time="0.007"/>
  <testcase name="testCapitalizeWords" classname="com.example.demo.docgen.mapper.CustomMappingStrategyTest" time="0.0"/>
  <testcase name="testFormatDate" classname="com.example.demo.docgen.mapper.CustomMappingStrategyTest" time="0.009"/>
  <testcase name="testJsonPathExtractionNoTransformation" classname="com.example.demo.docgen.mapper.CustomMappingStrategyTest" time="0.001"/>
  <testcase name="testDirectExtractionNoTransformation" classname="com.example.demo.docgen.mapper.CustomMappingStrategyTest" time="0.001"/>
  <testcase name="testSupportsMappingType" classname="com.example.demo.docgen.mapper.CustomMappingStrategyTest" time="0.001"/>
  <testcase name="testRemoveSpaces" classname="com.example.demo.docgen.mapper.CustomMappingStrategyTest" time="0.003"/>
  <testcase name="testInvalidTransformationFunction" classname="com.example.demo.docgen.mapper.CustomMappingStrategyTest" time="0.001">
    <system-out><![CDATA[2026-02-06 08:26:03 - Failed to apply custom transformation for field 'invalid': Unknown custom transformation: unknownFunction
]]></system-out>
  </testcase>
  <testcase name="testCalculateDaysBetween" classname="com.example.demo.docgen.mapper.CustomMappingStrategyTest" time="0.0"/>
  <testcase name="testGenerateRandom" classname="com.example.demo.docgen.mapper.CustomMappingStrategyTest" time="0.001"/>
  <testcase name="testMissingFieldsReturnEmpty" classname="com.example.demo.docgen.mapper.CustomMappingStrategyTest" time="0.004">
    <system-out><![CDATA[2026-02-06 08:26:03 - JSONPath not found for field 'temp': $.applicants[0].demographic.middleName
]]></system-out>
  </testcase>
  <testcase name="testNullValuesReturnEmpty" classname="com.example.demo.docgen.mapper.CustomMappingStrategyTest" time="0.002"/>
  <testcase name="testFormatPhoneInvalidNumber" classname="com.example.demo.docgen.mapper.CustomMappingStrategyTest" time="0.002"/>
  <testcase name="testLiteralStringArguments" classname="com.example.demo.docgen.mapper.CustomMappingStrategyTest" time="0.001"/>
  <testcase name="testFormatPhoneWithJsonPathExtraction" classname="com.example.demo.docgen.mapper.CustomMappingStrategyTest" time="0.002"/>
  <testcase name="testEncryptSSN" classname="com.example.demo.docgen.mapper.CustomMappingStrategyTest" time="0.003"/>
  <testcase name="testCalculateAge" classname="com.example.demo.docgen.mapper.CustomMappingStrategyTest" time="0.002"/>
</testsuite>